<?xml version="1.0" encoding="UTF-8"?>
<!-- Generated by org.testng.reporters.JUnitReportReporter -->
<testsuite hostname="LTIN188780" failures="0" tests="5" name="Main_TestNG.SomkeTesting" time="6.063" errors="0" timestamp="2024-02-27T12:16:16 IST" skipped="0">
  <testcase classname="Main_TestNG.SomkeTesting" name="car_Loan" time="2.103"/>
  <system-out/>
  <testcase classname="Main_TestNG.SomkeTesting" name="home_Loan" time="2.219"/>
  <system-out/>
  <testcase classname="Main_TestNG.SomkeTesting" name="Loan_cal1" time="1.389"/>
  <system-out/>
  <testcase classname="Main_TestNG.SomkeTesting" name="Loan_cal2" time="0.134"/>
  <system-out/>
  <testcase classname="Main_TestNG.SomkeTesting" name="Loan_cal3" time="0.218"/>
  <system-out/>
</testsuite> <!-- Main_TestNG.SomkeTesting -->
