<?xml version="1.0" encoding="UTF-8"?>
<!-- Generated by org.testng.reporters.JUnitReportReporter -->
<testsuite hostname="LTIN188780" failures="0" tests="7" name="Main_TestNG.RegressionTesting" time="112.390" errors="0" timestamp="2024-02-28T12:32:09 IST" skipped="0">
  <testcase classname="Main_TestNG.RegressionTesting" name="testLogo" time="4.221"/>
  <system-out/>
  <testcase classname="Main_TestNG.RegressionTesting" name="Car_Loan" time="5.896"/>
  <system-out/>
  <testcase classname="Main_TestNG.RegressionTesting" name="EMI_Calculation" time="2.453"/>
  <system-out/>
  <testcase classname="Main_TestNG.RegressionTesting" name="Home_page" time="18.237"/>
  <system-out/>
  <testcase classname="Main_TestNG.RegressionTesting" name="Calc1" time="28.831"/>
  <system-out/>
  <testcase classname="Main_TestNG.RegressionTesting" name="Calc2" time="24.200"/>
  <system-out/>
  <testcase classname="Main_TestNG.RegressionTesting" name="Calc3" time="28.552"/>
  <system-out/>
</testsuite> <!-- Main_TestNG.RegressionTesting -->
