<?xml version="1.0" encoding="UTF-8"?>
<!-- Generated by org.testng.reporters.JUnitReportReporter -->
<testsuite hostname="LTIN188780" failures="0" tests="1" name="Cucumber.Tests.testRunnerSmoke" time="9.427" errors="0" timestamp="2024-02-28T12:39:05 IST" skipped="0">
  <testcase classname="Cucumber.Tests.testRunnerSmoke" name="runScenario" time="9.427"/>
  <system-out/>
</testsuite> <!-- Cucumber.Tests.testRunnerSmoke -->
