<?xml version="1.0" encoding="UTF-8"?>
<!-- Generated by org.testng.reporters.JUnitReportReporter -->
<testsuite hostname="LTIN188780" failures="0" tests="3" name="Cucumber.Tests.testRunners" time="192.670" errors="0" timestamp="2024-02-28T12:37:40 IST" skipped="0">
  <testcase classname="Cucumber.Tests.testRunners" name="runScenario" time="12.152"/>
  <system-out/>
  <testcase classname="Cucumber.Tests.testRunners" name="runScenario" time="153.454"/>
  <system-out/>
  <testcase classname="Cucumber.Tests.testRunners" name="runScenario" time="27.064"/>
  <system-out/>
</testsuite> <!-- Cucumber.Tests.testRunners -->
