<?xml version="1.0" encoding="UTF-8"?>
<!-- Generated by org.testng.reporters.JUnitReportReporter -->
<testsuite hostname="LTIN188780" failures="0" tests="5" name="Main_TestNG.SmokeTesting" time="6.075" errors="0" timestamp="2024-02-28T12:32:09 IST" skipped="0">
  <testcase classname="Main_TestNG.SmokeTesting" name="car_Loan" time="0.966"/>
  <system-out/>
  <testcase classname="Main_TestNG.SmokeTesting" name="home_Loan" time="2.441"/>
  <system-out/>
  <testcase classname="Main_TestNG.SmokeTesting" name="Loan_cal1" time="2.016"/>
  <system-out/>
  <testcase classname="Main_TestNG.SmokeTesting" name="Loan_cal2" time="0.317"/>
  <system-out/>
  <testcase classname="Main_TestNG.SmokeTesting" name="Loan_cal3" time="0.335"/>
  <system-out/>
</testsuite> <!-- Main_TestNG.SmokeTesting -->
