<?xml version="1.0" encoding="UTF-8"?>
<!-- Generated by org.testng.reporters.JUnitReportReporter -->
<testsuite hostname="LTIN188780" failures="0" tests="7" name="Main_TestNG.CarTestNG" time="161.100" errors="0" timestamp="2024-02-27T11:29:04 IST" skipped="0">
  <testcase classname="Main_TestNG.CarTestNG" name="testLogo" time="2.559"/>
  <system-out/>
  <testcase classname="Main_TestNG.CarTestNG" name="Car_Loan" time="2.282"/>
  <system-out/>
  <testcase classname="Main_TestNG.CarTestNG" name="EMI_Calculation" time="48.099"/>
  <system-out/>
  <testcase classname="Main_TestNG.CarTestNG" name="Home_page" time="13.365"/>
  <system-out/>
  <testcase classname="Main_TestNG.CarTestNG" name="Emi_Calc" time="41.278"/>
  <system-out/>
  <testcase classname="Main_TestNG.CarTestNG" name="Calc2" time="26.474"/>
  <system-out/>
  <testcase classname="Main_TestNG.CarTestNG" name="Calc3" time="27.043"/>
  <system-out/>
</testsuite> <!-- Main_TestNG.CarTestNG -->
